1556348660660	mozrunner::runner	INFO	Running command: "/Applications/Firefox.app/Contents/MacOS/firefox-bin" "-marionette" "-foreground" "-no-remote" "-profile" "/var/folders/tg/m1mg83kj2_39slj5dqxyrrzw0000gn/T/rust_mozprofile.vDY7Vh4hGI4g"
1556348661505	addons.webextension.screenshots@mozilla.org	WARN	Loading extension 'screenshots@mozilla.org': Reading manifest: Invalid extension permission: mozillaAddons
1556348661505	addons.webextension.screenshots@mozilla.org	WARN	Loading extension 'screenshots@mozilla.org': Reading manifest: Invalid extension permission: resource://pdf.js/
1556348661505	addons.webextension.screenshots@mozilla.org	WARN	Loading extension 'screenshots@mozilla.org': Reading manifest: Invalid extension permission: about:reader*
1556348663874	Marionette	INFO	Listening on port 53902
1556348663956	Marionette	WARN	TLS certificate errors will be ignored for this session
1556348773133	mozrunner::runner	INFO	Running command: "/Applications/Firefox.app/Contents/MacOS/firefox-bin" "-marionette" "-foreground" "-no-remote" "-profile" "/var/folders/tg/m1mg83kj2_39slj5dqxyrrzw0000gn/T/rust_mozprofile.lMBRq6jfodsT"
1556348773879	addons.webextension.screenshots@mozilla.org	WARN	Loading extension 'screenshots@mozilla.org': Reading manifest: Invalid extension permission: mozillaAddons
1556348773879	addons.webextension.screenshots@mozilla.org	WARN	Loading extension 'screenshots@mozilla.org': Reading manifest: Invalid extension permission: resource://pdf.js/
1556348773879	addons.webextension.screenshots@mozilla.org	WARN	Loading extension 'screenshots@mozilla.org': Reading manifest: Invalid extension permission: about:reader*
1556348775702	Marionette	INFO	Listening on port 53980
1556348775785	Marionette	WARN	TLS certificate errors will be ignored for this session
1556348820757	Marionette	INFO	Stopped listening on port 53902
1556348832517	mozrunner::runner	INFO	Running command: "/Applications/Firefox.app/Contents/MacOS/firefox-bin" "-marionette" "-foreground" "-no-remote" "-profile" "/var/folders/tg/m1mg83kj2_39slj5dqxyrrzw0000gn/T/rust_mozprofile.33dD9ji6Xn0Z"
1556348833076	addons.webextension.screenshots@mozilla.org	WARN	Loading extension 'screenshots@mozilla.org': Reading manifest: Invalid extension permission: mozillaAddons
1556348833076	addons.webextension.screenshots@mozilla.org	WARN	Loading extension 'screenshots@mozilla.org': Reading manifest: Invalid extension permission: resource://pdf.js/
1556348833076	addons.webextension.screenshots@mozilla.org	WARN	Loading extension 'screenshots@mozilla.org': Reading manifest: Invalid extension permission: about:reader*
1556348834862	Marionette	INFO	Listening on port 54034
1556348834902	Marionette	WARN	TLS certificate errors will be ignored for this session
1556348971611	mozrunner::runner	INFO	Running command: "/Applications/Firefox.app/Contents/MacOS/firefox-bin" "-marionette" "-foreground" "-no-remote" "-profile" "/var/folders/tg/m1mg83kj2_39slj5dqxyrrzw0000gn/T/rust_mozprofile.IMK3qmQROlLW"
1556348972306	addons.webextension.screenshots@mozilla.org	WARN	Loading extension 'screenshots@mozilla.org': Reading manifest: Invalid extension permission: mozillaAddons
1556348972307	addons.webextension.screenshots@mozilla.org	WARN	Loading extension 'screenshots@mozilla.org': Reading manifest: Invalid extension permission: resource://pdf.js/
1556348972307	addons.webextension.screenshots@mozilla.org	WARN	Loading extension 'screenshots@mozilla.org': Reading manifest: Invalid extension permission: about:reader*
1556348974336	Marionette	INFO	Listening on port 54103
1556348974380	Marionette	WARN	TLS certificate errors will be ignored for this session
1556349024873	mozrunner::runner	INFO	Running command: "/Applications/Firefox.app/Contents/MacOS/firefox-bin" "-marionette" "-foreground" "-no-remote" "-profile" "/var/folders/tg/m1mg83kj2_39slj5dqxyrrzw0000gn/T/rust_mozprofile.d26lTYi71cEW"
1556349025738	addons.webextension.screenshots@mozilla.org	WARN	Loading extension 'screenshots@mozilla.org': Reading manifest: Invalid extension permission: mozillaAddons
1556349025739	addons.webextension.screenshots@mozilla.org	WARN	Loading extension 'screenshots@mozilla.org': Reading manifest: Invalid extension permission: resource://pdf.js/
1556349025739	addons.webextension.screenshots@mozilla.org	WARN	Loading extension 'screenshots@mozilla.org': Reading manifest: Invalid extension permission: about:reader*
1556349028152	Marionette	INFO	Listening on port 54161
1556349028249	Marionette	WARN	TLS certificate errors will be ignored for this session
1556349034887	Marionette	INFO	Stopped listening on port 53980
1556349037561	Marionette	INFO	Stopped listening on port 54034
1556349039709	Marionette	INFO	Stopped listening on port 54103
1556349069793	mozrunner::runner	INFO	Running command: "/Applications/Firefox.app/Contents/MacOS/firefox-bin" "-marionette" "-foreground" "-no-remote" "-profile" "/var/folders/tg/m1mg83kj2_39slj5dqxyrrzw0000gn/T/rust_mozprofile.wFkIW5efJ6WQ"
1556349070452	addons.webextension.screenshots@mozilla.org	WARN	Loading extension 'screenshots@mozilla.org': Reading manifest: Invalid extension permission: mozillaAddons
1556349070453	addons.webextension.screenshots@mozilla.org	WARN	Loading extension 'screenshots@mozilla.org': Reading manifest: Invalid extension permission: resource://pdf.js/
1556349070453	addons.webextension.screenshots@mozilla.org	WARN	Loading extension 'screenshots@mozilla.org': Reading manifest: Invalid extension permission: about:reader*
1556349072507	Marionette	INFO	Listening on port 54226
1556349072571	Marionette	WARN	TLS certificate errors will be ignored for this session
1556355033928	mozrunner::runner	INFO	Running command: "/Applications/Firefox.app/Contents/MacOS/firefox-bin" "-marionette" "-foreground" "-no-remote" "-profile" "/var/folders/tg/m1mg83kj2_39slj5dqxyrrzw0000gn/T/rust_mozprofile.9CxRGaNaPqqo"
1556355034718	addons.webextension.screenshots@mozilla.org	WARN	Loading extension 'screenshots@mozilla.org': Reading manifest: Invalid extension permission: mozillaAddons
1556355034719	addons.webextension.screenshots@mozilla.org	WARN	Loading extension 'screenshots@mozilla.org': Reading manifest: Invalid extension permission: resource://pdf.js/
1556355034719	addons.webextension.screenshots@mozilla.org	WARN	Loading extension 'screenshots@mozilla.org': Reading manifest: Invalid extension permission: about:reader*
1556355037372	Marionette	INFO	Listening on port 56665
1556355037415	Marionette	WARN	TLS certificate errors will be ignored for this session
console.error: BroadcastService: 
  receivedBroadcastMessage: handler for
  remote-settings/monitor_changes
  threw error:
  Message: Error: Polling for changes failed: NetworkError when attempting to fetch resource..
  Stack:
    remoteSettingsFunction/remoteSettings.pollChanges@resource://services-settings/remote-settings.js:190:13

1556355378293	mozrunner::runner	INFO	Running command: "/Applications/Firefox.app/Contents/MacOS/firefox-bin" "-marionette" "-foreground" "-no-remote" "-profile" "/var/folders/tg/m1mg83kj2_39slj5dqxyrrzw0000gn/T/rust_mozprofile.I8eeLqBbGMXZ"
1556355379034	addons.webextension.screenshots@mozilla.org	WARN	Loading extension 'screenshots@mozilla.org': Reading manifest: Invalid extension permission: mozillaAddons
1556355379034	addons.webextension.screenshots@mozilla.org	WARN	Loading extension 'screenshots@mozilla.org': Reading manifest: Invalid extension permission: resource://pdf.js/
1556355379034	addons.webextension.screenshots@mozilla.org	WARN	Loading extension 'screenshots@mozilla.org': Reading manifest: Invalid extension permission: about:reader*
1556355381645	Marionette	INFO	Listening on port 56802
1556355381720	Marionette	WARN	TLS certificate errors will be ignored for this session
console.error: BroadcastService: 
  receivedBroadcastMessage: handler for
  remote-settings/monitor_changes
  threw error:
  Message: Error: Polling for changes failed: NetworkError when attempting to fetch resource..
  Stack:
    remoteSettingsFunction/remoteSettings.pollChanges@resource://services-settings/remote-settings.js:190:13

1556355514123	Marionette	INFO	Stopped listening on port 56802
1556355518703	Marionette	INFO	Stopped listening on port 56665
1556357352092	mozrunner::runner	INFO	Running command: "/Applications/Firefox.app/Contents/MacOS/firefox-bin" "-marionette" "-foreground" "-no-remote" "-profile" "/var/folders/tg/m1mg83kj2_39slj5dqxyrrzw0000gn/T/rust_mozprofile.wvb663Ii1UWb"
1556357352937	addons.webextension.screenshots@mozilla.org	WARN	Loading extension 'screenshots@mozilla.org': Reading manifest: Invalid extension permission: mozillaAddons
1556357352937	addons.webextension.screenshots@mozilla.org	WARN	Loading extension 'screenshots@mozilla.org': Reading manifest: Invalid extension permission: resource://pdf.js/
1556357352938	addons.webextension.screenshots@mozilla.org	WARN	Loading extension 'screenshots@mozilla.org': Reading manifest: Invalid extension permission: about:reader*
1556357355689	Marionette	INFO	Listening on port 57224
1556357355703	Marionette	WARN	TLS certificate errors will be ignored for this session
JavaScript error: resource://gre/modules/WebProgressChild.jsm, line 61: TypeError: this.mm.content is null
JavaScript error: https://mail.google.com/_/scs/mail-static/_/js/k=gmail.main.en_GB.E-gbMetoYdk.O/am=v2AGMAwg9p0MP5x7NzrAETh0lJID-_8TsFT6q_dapQv853Q_M7sA_7_0AQAAAAAAAAAAAAAAAAAAwKNJJQ/rt=j/d=1/im=1/dg=0/rs=AHGWq9AF2eBWPeEKxkOI5fzyysOiKAH4Nw/m=b, line 454: NS_ERROR_NOT_INITIALIZED: 

###!!! [Child][RunMessage] Error: Channel closing: too late to send/recv, messages will be lost


###!!! [Child][RunMessage] Error: Channel closing: too late to send/recv, messages will be lost

